#
# There is insufficient memory for the Java Runtime Environment to continue.
# Native memory allocation (malloc) failed to allocate 57616 bytes for Chunk::new
# Possible reasons:
#   The system is out of physical RAM or swap space
#   In 32 bit mode, the process size limit was hit
# Possible solutions:
#   Reduce memory load on the system
#   Increase physical memory or swap space
#   Check if swap backing store is full
#   Use 64 bit Java on a 64 bit OS
#   Decrease Java heap size (-Xmx/-Xms)
#   Decrease number of Java threads
#   Decrease Java thread stack sizes (-Xss)
#   Set larger code cache with -XX:ReservedCodeCacheSize=
# This output file may be truncated or incomplete.
#
#  Out of Memory Error (allocation.cpp:328), pid=6996, tid=968
#
# JRE version: 7.0_05-b05
# Java VM: Java HotSpot(TM) 64-Bit Server VM (23.1-b03 mixed mode windows-amd64 compressed oops)
# Failed to write core dump. Minidumps are not enabled by default on client versions of Windows
#

---------------  T H R E A D  ---------------

Current thread (0x0000000008a6c000):  JavaThread "C2 CompilerThread0" daemon [_thread_in_native, id=968, stack(0x0000000009a10000,0x0000000009b10000)]

Stack: [0x0000000009a10000,0x0000000009b10000]

Current CompileTask:
C2:   1726   65             com.android.dx.rop.code.RopMethod::calcPredecessors (227 bytes)


---------------  P R O C E S S  ---------------

Java Threads: ( => current thread )
  0x0000000008a7c800 JavaThread "Service Thread" daemon [_thread_blocked, id=3740, stack(0x0000000009c10000,0x0000000009d10000)]
  0x0000000008a70800 JavaThread "C2 CompilerThread1" daemon [_thread_blocked, id=6760, stack(0x0000000009b10000,0x0000000009c10000)]
=>0x0000000008a6c000 JavaThread "C2 CompilerThread0" daemon [_thread_in_native, id=968, stack(0x0000000009a10000,0x0000000009b10000)]
  0x0000000008a6a800 JavaThread "Attach Listener" daemon [_thread_blocked, id=5640, stack(0x0000000009910000,0x0000000009a10000)]
  0x0000000008a67000 JavaThread "Signal Dispatcher" daemon [_thread_blocked, id=6532, stack(0x0000000009810000,0x0000000009910000)]
  0x0000000008a03000 JavaThread "Finalizer" daemon [_thread_blocked, id=2724, stack(0x0000000009710000,0x0000000009810000)]
  0x00000000089fb000 JavaThread "Reference Handler" daemon [_thread_blocked, id=2480, stack(0x0000000009610000,0x0000000009710000)]
  0x00000000027a0800 JavaThread "main" [_thread_in_Java, id=4848, stack(0x00000000025a0000,0x00000000026a0000)]

Other Threads:
  0x00000000089f4000 VMThread [stack: 0x0000000009510000,0x0000000009610000] [id=8312]
  0x0000000008a85800 WatcherThread [stack: 0x0000000009d10000,0x0000000009e10000] [id=2928]

VM state:not at safepoint (normal execution)

VM Mutex/Monitor currently owned by a thread: None

Heap
 PSYoungGen      total 18752K, used 10349K [0x00000000eaab0000, 0x00000000ebf90000, 0x0000000000000000)
  eden space 16128K, 64% used [0x00000000eaab0000,0x00000000eb4cb4b8,0x00000000eba70000)
  from space 2624K, 0% used [0x00000000ebd00000,0x00000000ebd00000,0x00000000ebf90000)
  to   space 2624K, 0% used [0x00000000eba70000,0x00000000eba70000,0x00000000ebd00000)
 ParOldGen       total 42816K, used 0K [0x00000000c0000000, 0x00000000c29d0000, 0x00000000eaab0000)
  object space 42816K, 0% used [0x00000000c0000000,0x00000000c0000000,0x00000000c29d0000)
 PSPermGen       total 21248K, used 4861K [0x00000000bae00000, 0x00000000bc2c0000, 0x00000000c0000000)
  object space 21248K, 22% used [0x00000000bae00000,0x00000000bb2bf5b0,0x00000000bc2c0000)

Code Cache  [0x00000000028a0000, 0x0000000002b10000, 0x00000000058a0000)
 total_blobs=275 nmethods=68 adapters=158 free_code_cache=48678Kb largest_free_block=49823424

Compilation events (10 events):
Event: 1.702 Thread 0x0000000008a6c000 nmethod 64 0x000000000291a290 code [0x000000000291a3c0, 0x000000000291a418]
Event: 1.703 Thread 0x0000000008a6c000   65             com.android.dx.rop.code.RopMethod::calcPredecessors (227 bytes)
Event: 1.715 Thread 0x0000000008a70800   66             com.android.dx.ssa.NormalSsaInsn::getOriginalRopInsn (5 bytes)
Event: 1.716 Thread 0x0000000008a70800 nmethod 66 0x000000000291a090 code [0x000000000291a1c0, 0x000000000291a218]
Event: 1.717 Thread 0x0000000008a70800   67             com.android.dx.rop.type.Type::getType (2 bytes)
Event: 1.718 Thread 0x0000000008a70800 nmethod 67 0x0000000002919e90 code [0x0000000002919fc0, 0x000000000291a018]
Event: 1.718 Thread 0x0000000008a70800   68             com.android.dx.rop.type.Type::getCategory (36 bytes)
Event: 1.718 Thread 0x0000000008a70800 nmethod 68 0x0000000002919c90 code [0x0000000002919dc0, 0x0000000002919e38]
Event: 1.719 Thread 0x0000000008a70800   69             java.util.ArrayList::add (29 bytes)
Event: 1.721 Thread 0x0000000008a70800 nmethod 69 0x00000000029198d0 code [0x0000000002919a20, 0x0000000002919b48]

GC Heap History (0 events):
No events

Deoptimization events (0 events):
No events

Internal exceptions (10 events):
Event: 0.598 Thread 0x00000000027a0800 Threw 0x00000000eb113378 at C:\jdk7u1_64p\jdk7u5\hotspot\src\share\vm\prims\jvm.cpp:1166
Event: 0.599 Thread 0x00000000027a0800 Threw 0x00000000eb11c100 at C:\jdk7u1_64p\jdk7u5\hotspot\src\share\vm\prims\jvm.cpp:1166
Event: 0.600 Thread 0x00000000027a0800 Threw 0x00000000eb121468 at C:\jdk7u1_64p\jdk7u5\hotspot\src\share\vm\prims\jvm.cpp:1166
Event: 0.600 Thread 0x00000000027a0800 Threw 0x00000000eb124598 at C:\jdk7u1_64p\jdk7u5\hotspot\src\share\vm\prims\jvm.cpp:1166
Event: 0.969 Thread 0x00000000027a0800 Threw 0x00000000eb243838 at C:\jdk7u1_64p\jdk7u5\hotspot\src\share\vm\prims\jvm.cpp:1166
Event: 1.090 Thread 0x00000000027a0800 Threw 0x00000000eb2db480 at C:\jdk7u1_64p\jdk7u5\hotspot\src\share\vm\prims\jvm.cpp:1166
Event: 1.331 Thread 0x00000000027a0800 Threw 0x00000000eb307c50 at C:\jdk7u1_64p\jdk7u5\hotspot\src\share\vm\prims\jvm.cpp:1166
Event: 1.336 Thread 0x00000000027a0800 Threw 0x00000000eb31bf78 at C:\jdk7u1_64p\jdk7u5\hotspot\src\share\vm\prims\jvm.cpp:1166
Event: 1.388 Thread 0x00000000027a0800 Threw 0x00000000eb35ce78 at C:\jdk7u1_64p\jdk7u5\hotspot\src\share\vm\prims\jvm.cpp:1166
Event: 1.403 Thread 0x00000000027a0800 Threw 0x00000000eb385340 at C:\jdk7u1_64p\jdk7u5\hotspot\src\share\vm\prims\jvm.cpp:1166

Events (10 events):
Event: 1.335 loading class 0x0000000009eb6100
Event: 1.335 loading class 0x0000000009eb6100 done
Event: 1.341 loading class 0x0000000008a119a0
Event: 1.341 loading class 0x0000000008a119a0 done
Event: 1.341 loading class 0x0000000008a090b0
Event: 1.341 loading class 0x0000000008a090b0 done
Event: 1.388 loading class 0x0000000009ec6ff0
Event: 1.388 loading class 0x0000000009ec6ff0 done
Event: 1.403 loading class 0x0000000009f32bf0
Event: 1.403 loading class 0x0000000009f32bf0 done


Dynamic libraries:
0x0000000029400000 - 0x0000000029433000 	C:\Program Files\Java\jdk1.7.0_05\bin\java.exe
0x00000000f50e0000 - 0x00000000f52a1000 	C:\Windows\SYSTEM32\ntdll.dll
0x00000000f4ad0000 - 0x00000000f4b7d000 	C:\Windows\system32\KERNEL32.DLL
0x00000000f2520000 - 0x00000000f26fd000 	C:\Windows\system32\KERNELBASE.dll
0x00000000f2c50000 - 0x00000000f2cf6000 	C:\Windows\system32\ADVAPI32.dll
0x00000000f27b0000 - 0x00000000f284d000 	C:\Windows\system32\msvcrt.dll
0x00000000f5080000 - 0x00000000f50db000 	C:\Windows\system32\sechost.dll
0x00000000f2ab0000 - 0x00000000f2bd6000 	C:\Windows\system32\RPCRT4.dll
0x00000000f4be0000 - 0x00000000f4d2e000 	C:\Windows\system32\USER32.dll
0x00000000f2860000 - 0x00000000f29e6000 	C:\Windows\system32\GDI32.dll
0x00000000e8860000 - 0x00000000e8ad4000 	C:\Windows\WinSxS\amd64_microsoft.windows.common-controls_6595b64144ccf1df_6.0.10240.16384_none_f41f7b285750ef43\COMCTL32.dll
0x00000000f49e0000 - 0x00000000f4a16000 	C:\Windows\system32\IMM32.DLL
0x00000000f4720000 - 0x00000000f487c000 	C:\Windows\system32\MSCTF.dll
0x000000005d2e0000 - 0x000000005d3b1000 	C:\Program Files\Java\jdk1.7.0_05\jre\bin\msvcr100.dll
0x000000005d760000 - 0x000000005de7a000 	C:\Program Files\Java\jdk1.7.0_05\jre\bin\server\jvm.dll
0x00000000f49d0000 - 0x00000000f49d8000 	C:\Windows\system32\PSAPI.DLL
0x00000000ea5c0000 - 0x00000000ea5c9000 	C:\Windows\SYSTEM32\WSOCK32.dll
0x00000000f4230000 - 0x00000000f4299000 	C:\Windows\system32\WS2_32.dll
0x00000000f2850000 - 0x00000000f2858000 	C:\Windows\system32\NSI.dll
0x00000000f0190000 - 0x00000000f01b3000 	C:\Windows\SYSTEM32\WINMM.dll
0x00000000f0130000 - 0x00000000f015c000 	C:\Windows\SYSTEM32\WINMMBASE.dll
0x00000000f24d0000 - 0x00000000f2514000 	C:\Windows\system32\cfgmgr32.dll
0x00000000f03e0000 - 0x00000000f0407000 	C:\Windows\SYSTEM32\DEVOBJ.dll
0x000000005d750000 - 0x000000005d75f000 	C:\Program Files\Java\jdk1.7.0_05\jre\bin\verify.dll
0x000000005d720000 - 0x000000005d748000 	C:\Program Files\Java\jdk1.7.0_05\jre\bin\java.dll
0x000000005d700000 - 0x000000005d715000 	C:\Program Files\Java\jdk1.7.0_05\jre\bin\zip.dll

VM Arguments:
jvm_args: -Xmx1024M -Dfile.encoding=windows-1252 -Duser.country=US -Duser.language=en -Duser.variant 
java_command: com.android.dx.command.Main --dex --output G:\LibararyManagementSystem\Android\MyApplication\app\build\intermediates\dex\debug G:\LibararyManagementSystem\Android\MyApplication\app\build\intermediates\classes\debug G:\LibararyManagementSystem\Android\MyApplication\app\build\intermediates\pre-dexed\debug\support-annotations-22.1.1-97aded09646fa2256433a0bbcbe1136169d24e96.jar G:\LibararyManagementSystem\Android\MyApplication\app\build\intermediates\pre-dexed\debug\internal_impl-22.1.1-3d8e1a69e840fbc282d8a911cfab23828f460311.jar G:\LibararyManagementSystem\Android\MyApplication\app\build\intermediates\pre-dexed\debug\classes-3a442d70d3d64d810e6dbe6b57b73c383bd024fe.jar G:\LibararyManagementSystem\Android\MyApplication\app\build\intermediates\pre-dexed\debug\classes-9ff185ec29b5247f5bc145e63db6b3e89e01b79e.jar
Launcher Type: SUN_STANDARD

Environment Variables:
PATH=C:\Windows\system32;C:\Windows;C:\Windows\System32\Wbem;C:\Windows\System32\WindowsPowerShell\v1.0\;C:\Program Files\Microsoft SQL Server\120\Tools\Binn\;C:\Program Files\Microsoft\Web Platform Installer\;C:\Windows\system32\config\systemprofile\.dnx\bin;C:\Program Files\Microsoft DNX\Dnvm\;C:\Program Files (x86)\Skype\Phone\;C:\Program Files (x86)\Microsoft SQL Server\110\Tools\Binn\;C:\Program Files (x86)\Microsoft SQL Server\110\DTS\Binn\;C:\Program Files (x86)\Microsoft SQL Server\110\Tools\Binn\ManagementStudio\;C:\Program Files (x86)\Microsoft Visual Studio 10.0\Common7\IDE\PrivateAssemblies\;C:\Program Files\Java\jdk1.7.0_05\bin
USERNAME=Ali Ahmed
OS=Windows_NT
PROCESSOR_IDENTIFIER=Intel64 Family 6 Model 42 Stepping 7, GenuineIntel



---------------  S Y S T E M  ---------------

OS: Windows NT 6.2 Build 9200 

CPU:total 2 (2 cores per cpu, 1 threads per core) family 6 model 42 stepping 7, cmov, cx8, fxsr, mmx, sse, sse2, sse3, ssse3, sse4.1, sse4.2, popcnt, tsc, tscinvbit

Memory: 4k page, physical 4104876k(416008k free), swap 5535404k(1528k free)

vm_info: Java HotSpot(TM) 64-Bit Server VM (23.1-b03) for windows-amd64 JRE (1.7.0_05-b05), built on May 15 2012 18:09:30 by "java_re" with unknown MS VC++:1600

time: Mon Nov 16 00:05:20 2015
elapsed time: 1 seconds

